\o Program:		@(#)$CDS: libManager version 23.1 - CAT38 12/04/2023 01:46 (sjfdcl966) $
\o Sub version:		sub-version  s041 
\o Arguments:		-unmapped -mpssession virtuoso22780 -mpshost sol -masterPID 22780 -ADVM 
\o Working Directory:	sol:/home/ayadav/PDK/gpdk045_v_6_0
\o 64-bit offsets
\o Qt version: 		5.15.9
\o MPS virtuoso types registered: 68
\o changeWorkingDir("/home/ayadav/PDK/gpdk045_v_6_0") unnecessary.
\o ddSetForcedLib("") unnecessary.
\o Session hidden cells enabled.
\o Log file is "/home/ayadav/PDK/gpdk045_v_6_0/libManager.log".
\o Opening libManager window.
\a nrSetWindowVisibility(cdsLibManager "show")
\o MPS service: map window
\a nrSetCurrentWindow(cdsLibManager)
\o Library Manager customization server connected.
\a nrResizeWindow(cdsLibManager list(240 106 1440 677))
\a cdsLibManager->libListBox->value = "cmos_char"
\a cdsLibManager->libLineEdit->value = "cmos_char"
\a cdsLibManager->cellListBox->value = "pmos"
\a cdsLibManager->cellLineEdit->value = "pmos"
\a cdsLibManager->viewListBox->value = "maestro"
\a cdsLibManager->viewLineEdit->value = "maestro"
\o MPS request: edit design
\a nrListItemAction(cdsLibManager->gdmXTView 0 7)
\a cdsLibManager->libListBox->value = nil
\a cdsLibManager->libLineEdit->value = ""
\a cdsLibManager->cellListBox->value = nil
\a cdsLibManager->viewLineEdit->value = ""
\a cdsLibManager->viewListBox->value = nil
\a cdsLibManager->cellLineEdit->value = ""
\a cdsLibManager->libListBox->value = "cmos_char"
\a cdsLibManager->libLineEdit->value = "cmos_char"
\a cdsLibManager->cellListBox->value = "pmos"
\a cdsLibManager->cellLineEdit->value = "pmos"
\a cdsLibManager->viewListBox->value = "maestro"
\a cdsLibManager->viewLineEdit->value = "maestro"
\a cdsLibManager->viewLineEdit->value = ""
\a cdsLibManager->viewListBox->value = nil
\a cdsLibManager->viewListBox->value = "maestro"
\a cdsLibManager->viewLineEdit->value = "maestro"
\a nrSetCurrentWindow(cdsLibManager)
\a nrSetCurrentWindow(cdsLibManager)
\o MPS service: shutdown
\o libManager is exiting.
\a exit(0)
